0.001, 741318
0.020, 741007
0.027, 740409
8.712, 740310
8.746, 740282
8.747, 739094
8.785, 738963
8.787, 738864
8.862, 737933
8.882, 736175
8.903, 735289
8.948, 734341
9.040, 733901
9.046, 733201
10.534, 732065
10.562, 732025
10.743, 731523
10.799, 730884
10.805, 729438
10.810, 728746
10.810, 728238
10.915, 725496
11.092, 723995
11.093, 723277
11.131, 722850
11.243, 722816
11.282, 722223
11.322, 721849
11.454, 721783
11.454, 721212
11.502, 721040
11.714, 720976
11.732, 720604
11.734, 719809
11.804, 719804
11.834, 719498
11.878, 718186
11.881, 717412
11.973, 716664
12.235, 716350
12.265, 715927
12.269, 715895
12.275, 713749
12.319, 712570
12.483, 711951
12.486, 711767
12.498, 711547
12.546, 710937
12.689, 710730
12.988, 710437
13.009, 710313
13.088, 709930
13.206, 709899
13.250, 709867
13.384, 709760
13.520, 709657
13.556, 709619
13.595, 709316
16.866, 708660
17.274, 708512
17.323, 708486
17.419, 708042
17.517, 707504
17.738, 707163
17.745, 707083
17.825, 706967
17.853, 706671
17.855, 706500
17.907, 706163
18.115, 705754
18.117, 705120
18.279, 704551
18.973, 702016
18.975, 702002
19.462, 701871
19.496, 701425
19.693, 701217
19.806, 700972
19.840, 700950
19.854, 700766
19.894, 700736
20.026, 699824
20.181, 699442
20.245, 698546
20.374, 698359
20.418, 697404
20.485, 696701
20.490, 696242
20.596, 695972
20.747, 695283
20.793, 695265
20.805, 695239
20.837, 694812
20.879, 694474
21.141, 693718
21.149, 693487
21.212, 692434
21.235, 692427
21.244, 692056
21.326, 692052
24.498, 691558
24.592, 691101
25.010, 690548
25.076, 689715
25.144, 689608
25.202, 689600
25.473, 689555
25.482, 688803
26.089, 687875
26.190, 687872
26.190, 687613
26.350, 687592
26.377, 687538
26.873, 687140
27.115, 686777
27.383, 686570
27.559, 686286
27.573, 686011
27.631, 685862
27.678, 685212
27.710, 685050
27.722, 684949
27.850, 684667
28.307, 684665
28.993, 684447
30.313, 684198
30.488, 684145
31.984, 683847
32.000, 683762
32.092, 683730
32.793, 683542
32.824, 682903
32.955, 682886
33.480, 682860
40.933, 682604
49.675, 682566
49.724, 682530
50.008, 682381
54.893, 681905
54.970, 681877
55.018, 681845
63.110, 681800
64.833, 681552
72.737, 681549
73.445, 681443
73.549, 681440
73.674, 681361
74.119, 681301
