0.000, 1242551
0.008, 1242461
0.048, 1239814
0.131, 1237275
0.160, 1236760
0.164, 1235869
0.169, 1234920
0.177, 1233890
0.198, 1229699
0.200, 1229572
0.220, 1228656
0.242, 1227237
0.256, 1226349
0.257, 1226087
0.675, 1222561
0.691, 1221910
0.885, 1221686
0.957, 1219810
1.267, 1219523
1.267, 1219072
1.271, 1218724
1.305, 1215694
2.201, 1212149
2.409, 1211633
2.410, 1210880
2.412, 1210713
2.451, 1209482
2.452, 1209148
2.454, 1208549
2.467, 1207965
2.469, 1207329
2.494, 1207238
2.524, 1207123
2.668, 1206521
2.668, 1205715
2.727, 1204857
2.738, 1204538
2.743, 1202848
2.746, 1202195
2.751, 1201658
2.755, 1201287
2.888, 1201146
2.916, 1200478
2.918, 1198769
3.067, 1196366
3.090, 1196178
3.138, 1196032
3.176, 1194966
3.232, 1193899
3.243, 1193093
5.689, 1192884
5.787, 1192762
5.873, 1192555
5.997, 1192139
9.737, 1192028
