0.000, 1242551
0.011, 1241946
0.087, 1241236
0.090, 1241225
0.102, 1240719
0.107, 1236719
0.308, 1231602
0.349, 1229975
0.353, 1229536
0.364, 1228728
0.437, 1228553
0.460, 1227747
0.464, 1227409
0.475, 1226989
0.510, 1225354
0.549, 1224700
0.550, 1224038
0.564, 1222072
0.565, 1221027
0.566, 1220192
0.787, 1218601
0.848, 1218431
0.964, 1218225
1.114, 1218222
1.177, 1218156
1.188, 1217272
1.241, 1216845
1.312, 1215906
1.568, 1212208
1.650, 1212142
2.360, 1210480
2.396, 1210411
2.398, 1210284
2.496, 1207907
2.498, 1207469
2.500, 1207327
2.500, 1207319
2.701, 1207110
3.395, 1206975
3.399, 1205122
3.464, 1203853
3.857, 1203720
3.951, 1203520
3.959, 1203090
4.629, 1202934
4.680, 1202794
4.708, 1202540
4.790, 1201431
5.791, 1201213
5.819, 1201060
5.823, 1201009
7.438, 1200887
7.564, 1200745
7.745, 1199752
7.762, 1199356
8.168, 1199088
8.200, 1198948
8.292, 1198897
14.555, 1198883
14.602, 1198832
