0.000, 1242551
0.048, 1238683
0.096, 1214891
0.102, 1214492
0.133, 1214407
0.298, 1214388
0.502, 1213801
0.675, 1211980
0.826, 1210394
0.860, 1210034
0.889, 1208068
0.979, 1203232
0.982, 1202770
0.990, 1196751
1.144, 1191797
1.160, 1190991
1.844, 1189693
1.862, 1189286
1.918, 1188606
2.033, 1188602
2.119, 1187722
2.119, 1187505
2.216, 1187145
2.699, 1185936
2.744, 1183792
2.744, 1183679
2.751, 1183469
2.755, 1182776
2.772, 1181923
3.329, 1181684
3.352, 1180702
3.354, 1179894
3.748, 1179763
3.753, 1178867
3.785, 1178497
5.337, 1177755
10.767, 1177746
10.983, 1177603
10.988, 1177600
11.174, 1177393
11.712, 1177379
11.964, 1177328
