0.000, 741318
0.071, 741040
0.075, 739760
0.161, 739317
0.231, 739278
0.274, 737141
0.334, 736167
0.449, 736119
0.542, 732544
0.557, 732259
0.602, 729827
0.625, 729229
0.626, 718595
0.646, 716241
0.689, 716205
0.719, 713407
0.806, 713349
1.027, 712864
1.214, 712373
1.319, 712282
1.440, 707860
1.588, 707348
1.591, 707164
1.620, 706957
1.680, 704904
1.774, 702774
1.811, 702168
1.850, 702075
2.046, 701799
2.180, 701396
2.238, 701025
2.245, 700759
2.309, 698885
2.366, 698696
2.571, 698269
2.650, 697940
2.887, 697912
3.120, 696351
3.205, 695385
3.216, 695245
3.935, 693933
4.346, 693712
4.665, 692607
14.642, 692475
15.754, 692427
17.201, 692127
39.812, 692042
40.052, 691989
40.110, 691890
40.140, 691259
40.479, 690314
42.651, 690234
42.793, 689819
44.417, 689349
56.499, 689284
56.655, 689182
56.976, 688691
57.158, 688671
57.169, 688591
60.101, 688409
60.854, 688391
72.782, 687527
75.585, 687037
192.413, 686306
