0.000, 1242551
0.008, 1240426
0.027, 1215749
0.030, 1213783
0.108, 1213739
0.116, 1203589
0.158, 1203344
0.199, 1202538
0.303, 1202301
0.399, 1202046
0.450, 1196293
0.741, 1194969
0.750, 1194573
1.093, 1194149
1.105, 1193344
1.105, 1193189
1.111, 1192290
1.162, 1191813
1.251, 1191578
1.508, 1190840
1.727, 1190633
1.835, 1190096
2.137, 1190045
3.749, 1189924
4.677, 1188265
4.716, 1188060
4.778, 1187982
4.937, 1186875
5.159, 1184267
30.888, 1178900
31.153, 1178745
31.167, 1178665
47.443, 1178616
49.536, 1177560
54.928, 1177142
