0.000, 112782
0.527, 112237
0.528, 111375
0.531, 111028
0.532, 110981
0.797, 110390
0.797, 110312
0.797, 109573
0.803, 108819
0.810, 108397
0.811, 108232
0.820, 107028
0.820, 105837
0.910, 105761
0.967, 105682
1.006, 105343
1.006, 105280
1.012, 105072
1.262, 104819
1.266, 104638
1.274, 104588
1.275, 104375
1.278, 104367
1.280, 104242
1.282, 104038
1.317, 103995
1.329, 103505
1.375, 103171
1.438, 103164
1.442, 102983
1.450, 102791
1.860, 102735
2.008, 102674
2.009, 102499
2.365, 102494
2.453, 102479
2.698, 102329
2.715, 102237
2.721, 102062
