0.000, 1242551
0.069, 1242181
0.070, 1241666
0.091, 1236676
0.143, 1236566
0.146, 1234600
0.150, 1234363
0.214, 1224213
0.340, 1224053
0.370, 1220053
0.411, 1219680
0.516, 1219609
0.696, 1219527
0.701, 1219272
0.786, 1219231
0.807, 1218835
0.899, 1218337
0.902, 1210126
1.029, 1208259
1.044, 1204458
1.287, 1204194
1.385, 1203388
1.530, 1202982
1.704, 1202827
2.648, 1202756
2.807, 1201857
3.432, 1199429
3.457, 1199378
3.512, 1198272
3.820, 1198065
117.863, 1193084
119.610, 1192502
120.234, 1192028
121.797, 1191907
150.377, 1178596
151.636, 1177977
151.780, 1177760
152.468, 1177584
160.098, 1176211
225.040, 1176151
