0.000, 147143
3.790, 146520
3.851, 145876
3.854, 145220
3.884, 145173
4.026, 144999
4.035, 144469
4.041, 143811
4.075, 143196
4.079, 142594
4.082, 141940
4.205, 141896
4.224, 141269
4.247, 140076
4.303, 139608
4.432, 139515
4.434, 139329
4.450, 138568
5.504, 138395
5.837, 138353
5.995, 138194
6.047, 137348
6.100, 137177
6.111, 137118
6.144, 137111
6.145, 136936
7.006, 136579
7.045, 136428
7.223, 136203
7.225, 135977
7.587, 135875
8.827, 135848
9.092, 135652
9.106, 135527
9.205, 135478
9.219, 135409
10.845, 135396
11.054, 135205
15.108, 135160
15.387, 135024
15.690, 134905
15.766, 134861
15.930, 134670
