0.000, 147143
4.674, 146990
4.679, 146669
4.685, 146175
4.696, 146007
4.700, 145491
4.776, 144476
4.782, 144464
4.870, 144117
4.870, 143790
5.015, 143550
5.017, 143502
5.060, 143423
5.128, 143023
5.152, 142700
5.761, 142324
5.804, 141092
5.842, 140957
5.843, 140854
7.195, 140794
7.221, 140638
7.232, 140592
7.384, 140587
7.388, 140532
7.404, 140421
7.404, 140293
7.410, 140236
7.411, 139984
7.439, 139362
7.524, 139287
7.568, 139090
7.783, 138826
7.815, 138771
8.028, 138570
8.122, 138552
8.136, 138451
8.209, 138238
8.218, 138130
8.243, 137966
9.676, 137940
9.739, 137372
9.743, 137120
9.806, 136981
10.084, 136945
11.704, 136803
11.710, 136612
