0.000, 112782
0.759, 112408
0.759, 111676
0.840, 111612
0.841, 110702
0.955, 110523
0.956, 110471
0.965, 110392
0.965, 109436
1.057, 108814
1.065, 108681
1.095, 108614
1.096, 108292
1.265, 108251
1.301, 107925
1.302, 107739
1.541, 106473
1.546, 106452
1.550, 106275
1.563, 105523
1.566, 105400
1.566, 105303
1.574, 105207
1.707, 105203
1.787, 105166
1.806, 104851
1.975, 104366
1.985, 104016
1.992, 103893
2.007, 103797
2.026, 103770
2.028, 103735
2.172, 103614
2.174, 103422
2.232, 103395
2.243, 103326
2.320, 103299
2.379, 103173
2.922, 103023
2.940, 102889
2.983, 102697
3.007, 102653
3.022, 102557
3.117, 102497
