0.000, 741318
0.849, 739181
1.064, 738575
1.117, 737856
1.143, 735436
1.202, 734553
1.253, 734305
1.285, 733200
1.367, 732695
1.495, 732177
1.519, 731244
1.572, 729194
1.706, 728954
1.745, 727994
1.828, 727247
2.001, 722825
2.402, 719250
2.447, 718921
2.491, 718873
2.561, 718416
2.591, 717133
2.666, 716598
2.865, 716397
3.212, 705763
3.360, 704926
3.413, 703576
3.432, 703334
3.588, 702022
3.599, 701424
3.657, 701240
3.669, 699928
4.117, 697537
4.176, 697054
4.241, 695806
4.306, 695715
4.408, 695570
4.580, 694587
4.716, 693621
4.894, 693313
5.124, 693037
5.352, 692772
5.448, 692207
5.552, 692179
5.772, 692027
6.152, 691953
7.559, 691914
7.975, 691329
8.225, 691154
8.249, 690833
10.915, 690825
11.612, 690144
11.889, 689712
12.906, 689681
58.936, 689658
86.113, 689528
86.214, 689429
86.702, 689355
87.679, 688468
87.799, 687913
88.120, 687888
89.535, 687866
89.609, 687588
117.424, 686614
117.426, 686371
117.451, 685899
118.672, 685682
123.144, 685650
169.991, 684075
