0.000, 741318
0.028, 741227
0.031, 740942
0.168, 737367
0.172, 736905
0.215, 735972
0.389, 735761
0.395, 734656
0.720, 734327
0.825, 734049
0.852, 731999
0.874, 731960
0.918, 731924
1.317, 731876
1.543, 731270
1.648, 731262
1.684, 731022
1.877, 729954
1.930, 729399
2.023, 729212
2.190, 727929
2.536, 727446
2.543, 724888
2.732, 714254
2.733, 714079
2.735, 713242
2.800, 712761
2.929, 712756
3.114, 710619
3.159, 709863
3.226, 709278
3.438, 708242
3.789, 707644
3.818, 707241
3.899, 707183
4.201, 706751
4.223, 705439
4.518, 703873
5.700, 702907
6.093, 698485
6.364, 698454
6.470, 698212
6.619, 697785
6.928, 697187
6.996, 697135
7.563, 696859
7.583, 696324
7.821, 696296
14.622, 694984
27.425, 694854
53.744, 694775
118.284, 694690
119.940, 694033
130.465, 693960
131.578, 693567
132.274, 693321
133.796, 693311
154.066, 690253
181.251, 689789
182.159, 688425
218.977, 688421
220.781, 688394
222.248, 688207
222.273, 687765
222.304, 687500
222.450, 687461
222.700, 686177
259.213, 686011
