0.000, 147143
0.051, 147032
0.063, 146806
0.088, 145836
0.126, 145744
0.309, 145489
0.377, 144138
0.384, 143549
0.498, 143544
0.594, 143441
0.652, 142867
0.652, 142584
0.705, 142576
0.732, 142316
0.817, 142099
0.861, 141898
0.956, 141829
9.416, 141270
9.483, 140991
9.759, 140932
69.320, 140861
69.715, 140772
69.847, 140693
69.947, 140582
81.600, 140360
84.031, 140264
84.277, 140013
84.689, 139955
174.846, 139675
174.996, 138725
216.292, 138692
258.145, 138289
262.914, 138066
262.969, 138024
263.249, 137996
263.676, 137683
283.477, 137341
