0.000, 147143
3.536, 146990
3.572, 146971
3.579, 146834
3.584, 146313
3.588, 146177
3.651, 145775
3.652, 145711
3.683, 145519
3.698, 145251
3.783, 144976
3.829, 144793
3.857, 144760
3.859, 144469
3.891, 144409
3.894, 144191
3.909, 143314
3.909, 143179
3.919, 142685
3.920, 142630
3.921, 142182
4.007, 142146
4.012, 142141
4.046, 142088
4.061, 140857
4.093, 140811
4.160, 140552
4.176, 140390
4.543, 140332
4.543, 140282
6.020, 140193
6.052, 139546
6.360, 139252
6.380, 139066
6.391, 138993
6.440, 138951
6.452, 138923
6.769, 138807
6.772, 138609
6.787, 138425
6.837, 138307
7.426, 138121
7.437, 138042
8.977, 137692
9.363, 137558
10.591, 137454
10.989, 137434
11.031, 136738
12.099, 136657
