0.000, 741318
0.117, 740767
6.709, 740300
6.732, 738795
6.734, 738358
6.762, 736492
6.871, 736366
6.897, 735905
6.899, 735814
6.938, 735197
6.940, 734367
6.978, 733844
7.009, 732833
7.140, 730731
7.169, 730444
7.169, 730044
7.379, 729632
7.396, 728932
7.415, 728812
7.437, 727188
7.482, 723976
7.506, 723928
7.531, 723576
7.534, 723485
7.557, 723441
7.565, 723356
10.207, 723016
10.311, 722527
10.333, 722479
11.238, 720167
11.242, 719781
11.300, 719330
11.305, 719170
11.321, 718559
11.450, 717801
11.488, 717770
11.522, 716901
11.761, 716268
11.765, 715219
11.896, 715119
11.957, 714682
12.016, 714437
12.050, 713292
12.069, 713091
12.116, 713055
12.184, 712756
12.320, 712216
12.412, 712200
12.412, 711394
12.468, 710888
12.497, 710478
12.596, 709983
12.688, 708700
12.815, 708531
12.822, 707162
12.860, 707058
12.927, 706691
12.929, 705826
12.934, 705813
13.129, 705799
13.155, 705582
13.160, 705291
13.211, 705024
13.252, 704627
13.274, 704097
13.276, 703529
13.284, 703449
13.356, 702816
13.778, 702629
13.814, 702560
13.892, 702114
13.919, 701709
14.027, 701364
14.028, 701162
14.114, 700739
14.144, 698559
14.172, 697915
14.191, 697173
16.035, 695538
16.115, 695424
16.129, 695364
16.225, 693687
17.165, 693515
17.245, 693337
17.351, 693168
17.368, 693145
17.369, 693113
17.477, 692029
18.447, 691907
18.450, 691642
18.509, 691634
19.087, 691044
19.116, 690903
19.136, 690647
19.197, 690642
19.281, 690629
19.282, 690176
19.392, 689848
19.511, 689824
19.604, 689222
19.642, 688680
19.648, 688420
19.756, 687810
22.115, 687751
22.446, 687629
22.507, 687273
22.521, 687058
22.599, 686937
22.797, 686744
22.864, 686236
22.904, 686185
23.004, 685476
23.050, 685410
23.137, 684668
23.148, 684286
23.202, 684238
23.418, 683243
24.399, 683212
24.447, 682747
24.668, 682474
26.542, 682001
26.732, 681953
28.120, 681774
28.841, 681733
28.922, 681700
28.976, 681590
29.521, 681028
29.525, 680759
29.657, 680610
29.670, 680450
29.714, 680023
29.728, 680022
29.838, 679779
32.401, 679713
32.420, 679444
32.932, 679278
33.714, 678911
33.715, 678864
33.890, 678698
34.004, 678600
34.360, 678552
34.561, 678492
37.584, 678479
37.588, 678447
45.087, 678385
45.221, 678353
47.279, 678311
47.613, 677891
53.866, 677886
53.890, 677858
