0.000, 741318
6.558, 740940
6.568, 740439
6.859, 739873
6.862, 739645
7.140, 739222
7.186, 736093
7.204, 735815
7.242, 735082
7.254, 734453
7.256, 733745
7.270, 732284
7.350, 731110
7.385, 730679
7.431, 729990
7.533, 729836
7.569, 729689
7.576, 727927
7.593, 727484
7.626, 727223
7.627, 726790
7.628, 725982
8.149, 725833
8.215, 724796
8.258, 724789
8.261, 724254
8.278, 724168
8.280, 723039
8.315, 722470
8.346, 722257
8.443, 721944
8.492, 721933
8.516, 721513
8.651, 720420
8.707, 720367
8.741, 720044
8.766, 720043
8.783, 719747
8.844, 719468
9.382, 718520
9.394, 718413
9.438, 717861
9.470, 717665
9.530, 717593
9.532, 717194
9.556, 717119
9.584, 716759
9.643, 716244
9.758, 715693
10.008, 715636
10.038, 715477
10.456, 715119
10.470, 714352
10.802, 714188
10.804, 712829
10.938, 709441
10.975, 709161
11.106, 708929
11.141, 708458
11.147, 708426
11.163, 706194
11.866, 706101
12.130, 704213
12.313, 703979
12.326, 703637
12.364, 701407
12.365, 700741
12.366, 699878
12.496, 699616
12.546, 699567
12.550, 699476
12.558, 698821
12.559, 697679
12.594, 697632
12.601, 697279
12.617, 696900
13.511, 696343
13.573, 696063
15.439, 695986
15.441, 695467
15.798, 694827
15.847, 694712
15.953, 694435
15.971, 694074
16.080, 693819
16.107, 693418
16.131, 693136
16.432, 693110
16.448, 691793
16.547, 691419
16.555, 691247
16.557, 690921
16.666, 690661
16.684, 689716
16.816, 689659
16.852, 688584
16.855, 688418
16.955, 688000
17.073, 687799
17.240, 687648
17.259, 687060
17.271, 687028
17.317, 686938
18.634, 686805
18.665, 686459
20.484, 686192
20.499, 686126
20.615, 685878
20.659, 685008
20.776, 684805
20.985, 684657
21.099, 683990
21.849, 683980
22.184, 683670
22.349, 683175
22.537, 683102
23.077, 682236
23.079, 682145
23.762, 681434
23.897, 681410
27.692, 681137
29.143, 680787
29.320, 680697
31.072, 680443
31.622, 679913
31.647, 679901
31.907, 679641
32.106, 679424
33.106, 679271
33.749, 678994
34.315, 678953
34.317, 678771
34.901, 678574
34.929, 678500
35.982, 678397
36.311, 678390
36.444, 678268
38.071, 678246
40.765, 678137
41.068, 676949
41.485, 676899
42.118, 676724
42.250, 676602
45.011, 676452
55.970, 676450
72.876, 676438
